<?xml version="1.0" encoding="utf-8"?><testsuites><testsuite errors="0" failures="0" hostname="WongBen" name="pytest" skipped="0" tests="3" time="14.827" timestamp="2020-08-20T23:11:55.936887"><testcase classname="test_dir.test_baidu1.TestSearch" file="test_dir\test_baidu1.py" line="15" name="test_baidu_search_case1[\u6d4b\u8bd5python]" time="7.952"></testcase><testcase classname="test_dir.test_baidu1.TestSearch" file="test_dir\test_baidu1.py" line="15" name="test_baidu_search_case1[\u6d4b\u8bd5ddt]" time="2.309"></testcase><testcase classname="test_dir.test_baidu1.TestSearch" file="test_dir\test_baidu1.py" line="15" name="test_baidu_search_case1[\u6d4b\u8bd5selenium]" time="4.461"></testcase></testsuite></testsuites>