<?xml version="1.0" encoding="utf-8"?><testsuites><testsuite errors="0" failures="0" hostname="WongBen" name="pytest" skipped="0" tests="2" time="9.514" timestamp="2020-08-23T17:57:13.414977"><testcase classname="test_dir.test_baidu1.TestSearch" file="test_dir\test_baidu1.py" line="28" name="test_baidu_search_case2" time="7.049"></testcase><testcase classname="test_dir.test_baidu1" file="test_dir\test_baidu1.py" line="48" name="test_fix_1" time="2.101"></testcase></testsuite></testsuites>