<?xml version="1.0" encoding="utf-8"?><testsuites><testsuite errors="0" failures="0" hostname="WongBen" name="pytest" skipped="0" tests="4" time="16.128" timestamp="2020-08-20T23:13:00.013953"><testcase classname="test_dir.test_baidu1.TestSearch" file="test_dir\test_baidu1.py" line="28" name="test_baidu_search_case2" time="6.923"></testcase><testcase classname="test_dir.test_baidu1.TestSearch" file="test_dir\test_baidu1.py" line="15" name="test_baidu_search_case1[\u6d4b\u8bd5python]" time="2.324"></testcase><testcase classname="test_dir.test_baidu1.TestSearch" file="test_dir\test_baidu1.py" line="15" name="test_baidu_search_case1[\u6d4b\u8bd5ddt]" time="2.306"></testcase><testcase classname="test_dir.test_baidu1.TestSearch" file="test_dir\test_baidu1.py" line="15" name="test_baidu_search_case1[\u6d4b\u8bd5selenium]" time="4.448"></testcase></testsuite></testsuites>