<?xml version="1.0" encoding="utf-8"?><testsuites><testsuite errors="0" failures="0" hostname="WongBen" name="pytest" skipped="0" tests="0" time="0.154" timestamp="2020-08-20T23:09:36.606045"></testsuite></testsuites>