<?xml version="1.0" encoding="utf-8"?><testsuites><testsuite errors="0" failures="1" hostname="WongBen" name="pytest" skipped="0" tests="6" time="18.988" timestamp="2020-08-21T22:48:41.345449"><testcase classname="test_dir.test_baidu1.TestSearch" file="test_dir\test_baidu1.py" line="28" name="test_baidu_search_case2" time="6.960"></testcase><testcase classname="test_dir.test_baidu1.TestSearch" file="test_dir\test_baidu1.py" line="38" name="test_baidu_search_case3" time="2.324"></testcase><testcase classname="test_dir.test_baidu1.TestSearch" file="test_dir\test_baidu1.py" line="15" name="test_baidu_search_case1[\u6d4b\u8bd5python]" time="2.521"></testcase><testcase classname="test_dir.test_baidu1.TestSearch" file="test_dir\test_baidu1.py" line="15" name="test_baidu_search_case1[\u6d4b\u8bd5ddt]" time="2.317"></testcase><testcase classname="test_dir.test_baidu1.TestSearch" file="test_dir\test_baidu1.py" line="15" name="test_baidu_search_case1[\u6d4b\u8bd5selenium]" time="2.334"></testcase><testcase classname="test_dir.test_baidu1.TestSearch" file="test_dir\test_baidu1.py" line="47" name="test_fix_1" time="2.134"><failure message="KeyError: &lt;pyselenium.test_dir.test_baidu1.TestSearch object at 0x000001D2B5DFEE80&gt;">cmdopt = &lt;pyselenium.test_dir.test_baidu1.TestSearch object at 0x000001D2B5DFEE80&gt;

    def test_fix_1(cmdopt):
        cfg = configparser.ConfigParser()
        cfg.read(&apos;config.ini&apos;)
        print(&apos;cmdopt值为：&apos;, cmdopt)
&gt;       env = cfg[cmdopt]

test_dir\test_baidu1.py:52: 
_ _ _ _ _ _ _ _ _ _ _ _ _ _ _ _ _ _ _ _ _ _ _ _ _ _ _ _ _ _ _ _ _ _ _ _ _ _ _ _ _ _ _ _ _ _ _ _ _ _ _ _ _ _ _ _ _ _ _ _ _ _ _ _ _ _ _ _ _ _ _ _ _ _ _ _ _ _ _ _ _ 

self = &lt;configparser.ConfigParser object at 0x000001D2B5E04358&gt;, key = &lt;pyselenium.test_dir.test_baidu1.TestSearch object at 0x000001D2B5DFEE80&gt;

    def __getitem__(self, key):
        if key != self.default_section and not self.has_section(key):
&gt;           raise KeyError(key)
E           KeyError: &lt;pyselenium.test_dir.test_baidu1.TestSearch object at 0x000001D2B5DFEE80&gt;

C:\ProgramData\Anaconda3\envs\AutoTest\lib\configparser.py:959: KeyError</failure></testcase></testsuite></testsuites>