<?xml version="1.0" encoding="utf-8"?><testsuites><testsuite errors="0" failures="0" hostname="WongBen" name="pytest" skipped="0" tests="5" time="18.821" timestamp="2020-08-21T22:37:41.081571"><testcase classname="test_dir.test_baidu1.TestSearch" file="test_dir\test_baidu1.py" line="28" name="test_baidu_search_case2" time="7.060"></testcase><testcase classname="test_dir.test_baidu1.TestSearch" file="test_dir\test_baidu1.py" line="38" name="test_baidu_search_case3" time="2.396"></testcase><testcase classname="test_dir.test_baidu1.TestSearch" file="test_dir\test_baidu1.py" line="15" name="test_baidu_search_case1[\u6d4b\u8bd5python]" time="2.334"></testcase><testcase classname="test_dir.test_baidu1.TestSearch" file="test_dir\test_baidu1.py" line="15" name="test_baidu_search_case1[\u6d4b\u8bd5ddt]" time="2.312"></testcase><testcase classname="test_dir.test_baidu1.TestSearch" file="test_dir\test_baidu1.py" line="15" name="test_baidu_search_case1[\u6d4b\u8bd5selenium]" time="4.469"></testcase></testsuite></testsuites>