<?xml version="1.0" encoding="utf-8"?><testsuites><testsuite errors="0" failures="0" hostname="WongBen" name="pytest" skipped="0" tests="2" time="9.311" timestamp="2020-08-21T23:19:04.712915"><testcase classname="test_dir.test_baidu1.TestSearch" file="test_dir\test_baidu1.py" line="28" name="test_baidu_search_case2" time="6.941"></testcase><testcase classname="test_dir.test_baidu1" file="conftest.py" line="127" name="test_fix_1" time="2.118"></testcase></testsuite></testsuites>