<?xml version="1.0" encoding="utf-8"?><testsuites><testsuite errors="0" failures="1" hostname="WongBen" name="pytest" skipped="3" tests="5" time="11.855" timestamp="2020-08-21T22:47:09.365937"><testcase classname="test_dir.test_baidu1.TestSearch" file="test_dir\test_baidu1.py" line="28" name="test_baidu_search_case2" time="7.012"></testcase><testcase classname="test_dir.test_baidu1.TestSearch" file="test_dir\test_baidu1.py" line="38" name="test_baidu_search_case3" time="2.332"><failure message="TypeError: fix_1() missing 1 required positional argument: &apos;cmdopt&apos;">self = &lt;pyselenium.test_dir.test_baidu1.TestSearch object at 0x0000027319F4E198&gt;
browser = &lt;selenium.webdriver.chrome.webdriver.WebDriver (session=&quot;90515ecc8e19488304c81f7be37efc52&quot;)&gt;

    @pytest.mark.run(order=2)
    def test_baidu_search_case3(self, browser):
        page = BaiduPage(browser)
        page.get(url)
        page.search_input = &apos;jenkins&apos;
        page.search_button.click()
        sleep(2)
        assert browser.title == &apos;jenkins_百度搜索&apos;
&gt;       fix_1()
E       TypeError: fix_1() missing 1 required positional argument: &apos;cmdopt&apos;

test_dir\test_baidu1.py:47: TypeError</failure></testcase><testcase classname="test_dir.test_baidu1.TestSearch" file="test_dir\test_baidu1.py" line="15" name="test_baidu_search_case1[\u6d4b\u8bd5python]" time="0.000"><skipped message="previous test failed (test_baidu_search_case3)" type="pytest.xfail"></skipped></testcase><testcase classname="test_dir.test_baidu1.TestSearch" file="test_dir\test_baidu1.py" line="15" name="test_baidu_search_case1[\u6d4b\u8bd5ddt]" time="0.000"><skipped message="previous test failed (test_baidu_search_case1[\u6d4b\u8bd5python])" type="pytest.xfail"></skipped></testcase><testcase classname="test_dir.test_baidu1.TestSearch" file="test_dir\test_baidu1.py" line="15" name="test_baidu_search_case1[\u6d4b\u8bd5selenium]" time="2.111"><skipped message="previous test failed (test_baidu_search_case1[\u6d4b\u8bd5ddt])" type="pytest.xfail"></skipped></testcase></testsuite></testsuites>