<?xml version="1.0" encoding="utf-8"?><testsuites><testsuite errors="0" failures="0" hostname="WongBen" name="pytest" skipped="0" tests="1" time="9.383" timestamp="2020-08-24T23:05:56.548613"><testcase classname="test_dir.test_baidu1.TestSearch" file="test_dir\test_baidu1.py" line="30" name="test_baidu_search_case2" time="9.023"></testcase></testsuite></testsuites>